2024-12-11 12:15:12 [scrapy.utils.log] INFO: Scrapy 2.12.0 started (bot: s_post)
2024-12-11 12:15:12 [scrapy.utils.log] INFO: Versions: lxml 5.3.0.0, libxml2 2.11.7, cssselect 1.2.0, parsel 1.9.1, w3lib 2.2.1, Twisted 24.11.0, Python 3.12.6 (tags/v3.12.6:a4a2d2b, Sep  6 2024, 20:11:23) [MSC v.1940 64 bit (AMD64)], pyOpenSSL 24.3.0 (OpenSSL 3.4.0 22 Oct 2024), cryptography 44.0.0, Platform Windows-10-10.0.19045-SP0
2024-12-11 12:15:12 [scrapy.addons] INFO: Enabled addons:
[]
2024-12-11 12:15:12 [asyncio] DEBUG: Using selector: SelectSelector
2024-12-11 12:15:12 [scrapy.utils.log] DEBUG: Using reactor: twisted.internet.asyncioreactor.AsyncioSelectorReactor
2024-12-11 12:15:12 [scrapy.utils.log] DEBUG: Using asyncio event loop: asyncio.windows_events._WindowsSelectorEventLoop
2024-12-11 12:15:12 [scrapy.utils.log] DEBUG: Using reactor: twisted.internet.asyncioreactor.AsyncioSelectorReactor
2024-12-11 12:15:12 [scrapy.utils.log] DEBUG: Using asyncio event loop: asyncio.windows_events._WindowsSelectorEventLoop
2024-12-11 12:15:12 [scrapy.extensions.telnet] INFO: Telnet Password: 45a617f93eb3cd46
2024-12-11 12:15:12 [scrapy.middleware] INFO: Enabled extensions:
['scrapy.extensions.corestats.CoreStats',
 'scrapy.extensions.telnet.TelnetConsole',
 'scrapy.extensions.logstats.LogStats']
2024-12-11 12:15:12 [scrapy.crawler] INFO: Overridden settings:
{'BOT_NAME': 's_post',
 'FEED_EXPORT_ENCODING': 'utf-8',
 'LOG_FILE': 'runing.log',
 'NEWSPIDER_MODULE': 's_post.spiders',
 'SPIDER_MODULES': ['s_post.spiders'],
 'TWISTED_REACTOR': 'twisted.internet.asyncioreactor.AsyncioSelectorReactor'}
2024-12-11 12:15:13 [scrapy.middleware] INFO: Enabled downloader middlewares:
['scrapy.downloadermiddlewares.offsite.OffsiteMiddleware',
 'scrapy.downloadermiddlewares.httpauth.HttpAuthMiddleware',
 'scrapy.downloadermiddlewares.downloadtimeout.DownloadTimeoutMiddleware',
 'scrapy.downloadermiddlewares.defaultheaders.DefaultHeadersMiddleware',
 'scrapy.downloadermiddlewares.useragent.UserAgentMiddleware',
 'scrapy.downloadermiddlewares.retry.RetryMiddleware',
 'scrapy.downloadermiddlewares.redirect.MetaRefreshMiddleware',
 'scrapy.downloadermiddlewares.httpcompression.HttpCompressionMiddleware',
 'scrapy.downloadermiddlewares.redirect.RedirectMiddleware',
 'scrapy.downloadermiddlewares.cookies.CookiesMiddleware',
 'scrapy.downloadermiddlewares.httpproxy.HttpProxyMiddleware',
 'scrapy.downloadermiddlewares.stats.DownloaderStats']
2024-12-11 12:15:13 [scrapy.middleware] INFO: Enabled spider middlewares:
['scrapy.spidermiddlewares.httperror.HttpErrorMiddleware',
 'scrapy.spidermiddlewares.referer.RefererMiddleware',
 'scrapy.spidermiddlewares.urllength.UrlLengthMiddleware',
 'scrapy.spidermiddlewares.depth.DepthMiddleware']
2024-12-11 12:15:13 [scrapy.middleware] INFO: Enabled item pipelines:
[]
2024-12-11 12:15:13 [scrapy.core.engine] INFO: Spider opened
2024-12-11 12:15:13 [scrapy.extensions.logstats] INFO: Crawled 0 pages (at 0 pages/min), scraped 0 items (at 0 items/min)
2024-12-11 12:15:13 [scrapy.extensions.telnet] INFO: Telnet console listening on 127.0.0.1:6023
2024-12-11 12:15:13 [scrapy.core.engine] DEBUG: Crawled (200) <POST https://fanyi.baidu.com/sug> (referer: None)
2024-12-11 12:15:13 [scrapy.core.engine] INFO: Closing spider (finished)
2024-12-11 12:15:13 [scrapy.statscollectors] INFO: Dumping Scrapy stats:
{'downloader/request_bytes': 278,
 'downloader/request_count': 1,
 'downloader/request_method_count/POST': 1,
 'downloader/response_bytes': 765,
 'downloader/response_count': 1,
 'downloader/response_status_count/200': 1,
 'elapsed_time_seconds': 0.297382,
 'finish_reason': 'finished',
 'finish_time': datetime.datetime(2024, 12, 11, 4, 15, 13, 818270, tzinfo=datetime.timezone.utc),
 'httpcompression/response_bytes': 531,
 'httpcompression/response_count': 1,
 'items_per_minute': None,
 'log_count/DEBUG': 6,
 'log_count/INFO': 10,
 'response_received_count': 1,
 'responses_per_minute': None,
 'scheduler/dequeued': 1,
 'scheduler/dequeued/memory': 1,
 'scheduler/enqueued': 1,
 'scheduler/enqueued/memory': 1,
 'start_time': datetime.datetime(2024, 12, 11, 4, 15, 13, 520888, tzinfo=datetime.timezone.utc)}
2024-12-11 12:15:13 [scrapy.core.engine] INFO: Spider closed (finished)
2024-12-11 12:16:43 [scrapy.utils.log] INFO: Scrapy 2.12.0 started (bot: s_post)
2024-12-11 12:16:43 [scrapy.utils.log] INFO: Versions: lxml 5.3.0.0, libxml2 2.11.7, cssselect 1.2.0, parsel 1.9.1, w3lib 2.2.1, Twisted 24.11.0, Python 3.12.6 (tags/v3.12.6:a4a2d2b, Sep  6 2024, 20:11:23) [MSC v.1940 64 bit (AMD64)], pyOpenSSL 24.3.0 (OpenSSL 3.4.0 22 Oct 2024), cryptography 44.0.0, Platform Windows-10-10.0.19045-SP0
2024-12-11 12:16:43 [scrapy.addons] INFO: Enabled addons:
[]
2024-12-11 12:16:43 [asyncio] DEBUG: Using selector: SelectSelector
2024-12-11 12:16:43 [scrapy.utils.log] DEBUG: Using reactor: twisted.internet.asyncioreactor.AsyncioSelectorReactor
2024-12-11 12:16:43 [scrapy.utils.log] DEBUG: Using asyncio event loop: asyncio.windows_events._WindowsSelectorEventLoop
2024-12-11 12:16:43 [scrapy.utils.log] DEBUG: Using reactor: twisted.internet.asyncioreactor.AsyncioSelectorReactor
2024-12-11 12:16:43 [scrapy.utils.log] DEBUG: Using asyncio event loop: asyncio.windows_events._WindowsSelectorEventLoop
2024-12-11 12:16:43 [scrapy.extensions.telnet] INFO: Telnet Password: cbefb8a5d384a27c
2024-12-11 12:16:43 [scrapy.middleware] INFO: Enabled extensions:
['scrapy.extensions.corestats.CoreStats',
 'scrapy.extensions.telnet.TelnetConsole',
 'scrapy.extensions.logstats.LogStats']
2024-12-11 12:16:43 [scrapy.crawler] INFO: Overridden settings:
{'BOT_NAME': 's_post',
 'FEED_EXPORT_ENCODING': 'utf-8',
 'LOG_FILE': 'runing.log',
 'NEWSPIDER_MODULE': 's_post.spiders',
 'SPIDER_MODULES': ['s_post.spiders'],
 'TWISTED_REACTOR': 'twisted.internet.asyncioreactor.AsyncioSelectorReactor'}
2024-12-11 12:16:44 [scrapy.middleware] INFO: Enabled downloader middlewares:
['scrapy.downloadermiddlewares.offsite.OffsiteMiddleware',
 'scrapy.downloadermiddlewares.httpauth.HttpAuthMiddleware',
 'scrapy.downloadermiddlewares.downloadtimeout.DownloadTimeoutMiddleware',
 'scrapy.downloadermiddlewares.defaultheaders.DefaultHeadersMiddleware',
 'scrapy.downloadermiddlewares.useragent.UserAgentMiddleware',
 'scrapy.downloadermiddlewares.retry.RetryMiddleware',
 'scrapy.downloadermiddlewares.redirect.MetaRefreshMiddleware',
 'scrapy.downloadermiddlewares.httpcompression.HttpCompressionMiddleware',
 'scrapy.downloadermiddlewares.redirect.RedirectMiddleware',
 'scrapy.downloadermiddlewares.cookies.CookiesMiddleware',
 'scrapy.downloadermiddlewares.httpproxy.HttpProxyMiddleware',
 'scrapy.downloadermiddlewares.stats.DownloaderStats']
2024-12-11 12:16:44 [scrapy.middleware] INFO: Enabled spider middlewares:
['scrapy.spidermiddlewares.httperror.HttpErrorMiddleware',
 'scrapy.spidermiddlewares.referer.RefererMiddleware',
 'scrapy.spidermiddlewares.urllength.UrlLengthMiddleware',
 'scrapy.spidermiddlewares.depth.DepthMiddleware']
2024-12-11 12:16:44 [scrapy.middleware] INFO: Enabled item pipelines:
[]
2024-12-11 12:16:44 [scrapy.core.engine] INFO: Spider opened
2024-12-11 12:16:44 [scrapy.extensions.logstats] INFO: Crawled 0 pages (at 0 pages/min), scraped 0 items (at 0 items/min)
2024-12-11 12:16:44 [scrapy.extensions.telnet] INFO: Telnet console listening on 127.0.0.1:6023
2024-12-11 12:16:44 [scrapy.core.engine] DEBUG: Crawled (200) <POST https://fanyi.baidu.com/sug> (referer: None)
2024-12-11 12:16:45 [scrapy.core.engine] INFO: Closing spider (finished)
2024-12-11 12:16:45 [scrapy.statscollectors] INFO: Dumping Scrapy stats:
{'downloader/request_bytes': 278,
 'downloader/request_count': 1,
 'downloader/request_method_count/POST': 1,
 'downloader/response_bytes': 766,
 'downloader/response_count': 1,
 'downloader/response_status_count/200': 1,
 'elapsed_time_seconds': 0.456843,
 'finish_reason': 'finished',
 'finish_time': datetime.datetime(2024, 12, 11, 4, 16, 45, 43736, tzinfo=datetime.timezone.utc),
 'httpcompression/response_bytes': 532,
 'httpcompression/response_count': 1,
 'items_per_minute': None,
 'log_count/DEBUG': 6,
 'log_count/INFO': 10,
 'response_received_count': 1,
 'responses_per_minute': None,
 'scheduler/dequeued': 1,
 'scheduler/dequeued/memory': 1,
 'scheduler/enqueued': 1,
 'scheduler/enqueued/memory': 1,
 'start_time': datetime.datetime(2024, 12, 11, 4, 16, 44, 586893, tzinfo=datetime.timezone.utc)}
2024-12-11 12:16:45 [scrapy.core.engine] INFO: Spider closed (finished)
2024-12-11 12:19:05 [scrapy.utils.log] INFO: Scrapy 2.12.0 started (bot: s_post)
2024-12-11 12:19:05 [scrapy.utils.log] INFO: Versions: lxml 5.3.0.0, libxml2 2.11.7, cssselect 1.2.0, parsel 1.9.1, w3lib 2.2.1, Twisted 24.11.0, Python 3.12.6 (tags/v3.12.6:a4a2d2b, Sep  6 2024, 20:11:23) [MSC v.1940 64 bit (AMD64)], pyOpenSSL 24.3.0 (OpenSSL 3.4.0 22 Oct 2024), cryptography 44.0.0, Platform Windows-10-10.0.19045-SP0
2024-12-11 12:19:05 [scrapy.addons] INFO: Enabled addons:
[]
2024-12-11 12:19:05 [asyncio] DEBUG: Using selector: SelectSelector
2024-12-11 12:19:05 [scrapy.utils.log] DEBUG: Using reactor: twisted.internet.asyncioreactor.AsyncioSelectorReactor
2024-12-11 12:19:05 [scrapy.utils.log] DEBUG: Using asyncio event loop: asyncio.windows_events._WindowsSelectorEventLoop
2024-12-11 12:19:05 [scrapy.utils.log] DEBUG: Using reactor: twisted.internet.asyncioreactor.AsyncioSelectorReactor
2024-12-11 12:19:05 [scrapy.utils.log] DEBUG: Using asyncio event loop: asyncio.windows_events._WindowsSelectorEventLoop
2024-12-11 12:19:05 [scrapy.extensions.telnet] INFO: Telnet Password: bb042365d8a55cd4
2024-12-11 12:19:05 [scrapy.middleware] INFO: Enabled extensions:
['scrapy.extensions.corestats.CoreStats',
 'scrapy.extensions.telnet.TelnetConsole',
 'scrapy.extensions.logstats.LogStats']
2024-12-11 12:19:05 [scrapy.crawler] INFO: Overridden settings:
{'BOT_NAME': 's_post',
 'FEED_EXPORT_ENCODING': 'utf-8',
 'LOG_FILE': 'runing.log',
 'NEWSPIDER_MODULE': 's_post.spiders',
 'SPIDER_MODULES': ['s_post.spiders'],
 'TWISTED_REACTOR': 'twisted.internet.asyncioreactor.AsyncioSelectorReactor'}
2024-12-11 12:19:06 [scrapy.middleware] INFO: Enabled downloader middlewares:
['scrapy.downloadermiddlewares.offsite.OffsiteMiddleware',
 'scrapy.downloadermiddlewares.httpauth.HttpAuthMiddleware',
 'scrapy.downloadermiddlewares.downloadtimeout.DownloadTimeoutMiddleware',
 'scrapy.downloadermiddlewares.defaultheaders.DefaultHeadersMiddleware',
 'scrapy.downloadermiddlewares.useragent.UserAgentMiddleware',
 'scrapy.downloadermiddlewares.retry.RetryMiddleware',
 'scrapy.downloadermiddlewares.redirect.MetaRefreshMiddleware',
 'scrapy.downloadermiddlewares.httpcompression.HttpCompressionMiddleware',
 'scrapy.downloadermiddlewares.redirect.RedirectMiddleware',
 'scrapy.downloadermiddlewares.cookies.CookiesMiddleware',
 'scrapy.downloadermiddlewares.httpproxy.HttpProxyMiddleware',
 'scrapy.downloadermiddlewares.stats.DownloaderStats']
2024-12-11 12:19:06 [scrapy.middleware] INFO: Enabled spider middlewares:
['scrapy.spidermiddlewares.httperror.HttpErrorMiddleware',
 'scrapy.spidermiddlewares.referer.RefererMiddleware',
 'scrapy.spidermiddlewares.urllength.UrlLengthMiddleware',
 'scrapy.spidermiddlewares.depth.DepthMiddleware']
2024-12-11 12:19:06 [scrapy.middleware] INFO: Enabled item pipelines:
[]
2024-12-11 12:19:06 [scrapy.core.engine] INFO: Spider opened
2024-12-11 12:19:06 [scrapy.extensions.logstats] INFO: Crawled 0 pages (at 0 pages/min), scraped 0 items (at 0 items/min)
2024-12-11 12:19:06 [scrapy.extensions.telnet] INFO: Telnet console listening on 127.0.0.1:6023
2024-12-11 12:19:06 [scrapy.core.engine] DEBUG: Crawled (200) <POST https://fanyi.baidu.com/sug> (referer: None)
2024-12-11 12:19:06 [scrapy.core.scraper] ERROR: Spider error processing <POST https://fanyi.baidu.com/sug> (referer: None)
Traceback (most recent call last):
  File "D:\MyLearningTools\MyPythonMain\Envs\pythonProject\Lib\site-packages\twisted\internet\defer.py", line 1088, in _runCallbacks
    current.result = callback(  # type: ignore[misc]
                     ^^^^^^^^^^^^^^^^^^^^^^^^^^^^^^^
  File "D:\MyLearningTools\MyPythonMain\CodePython\python_pachong\scrapy_project\s_post\s_post\spiders\tpost.py", line 23, in parse_second
    obj = json.loads(content,encode='utf-8')
          ^^^^^^^^^^^^^^^^^^^^^^^^^^^^^^^^^^
  File "D:\MyLearningTools\MyPythonMain\Python\Lib\json\__init__.py", line 359, in loads
    return cls(**kw).decode(s)
           ^^^^^^^^^
TypeError: JSONDecoder.__init__() got an unexpected keyword argument 'encode'
2024-12-11 12:19:06 [scrapy.core.engine] INFO: Closing spider (finished)
2024-12-11 12:19:06 [scrapy.statscollectors] INFO: Dumping Scrapy stats:
{'downloader/request_bytes': 278,
 'downloader/request_count': 1,
 'downloader/request_method_count/POST': 1,
 'downloader/response_bytes': 766,
 'downloader/response_count': 1,
 'downloader/response_status_count/200': 1,
 'elapsed_time_seconds': 0.419415,
 'finish_reason': 'finished',
 'finish_time': datetime.datetime(2024, 12, 11, 4, 19, 6, 694389, tzinfo=datetime.timezone.utc),
 'httpcompression/response_bytes': 532,
 'httpcompression/response_count': 1,
 'items_per_minute': None,
 'log_count/DEBUG': 6,
 'log_count/ERROR': 1,
 'log_count/INFO': 10,
 'response_received_count': 1,
 'responses_per_minute': None,
 'scheduler/dequeued': 1,
 'scheduler/dequeued/memory': 1,
 'scheduler/enqueued': 1,
 'scheduler/enqueued/memory': 1,
 'spider_exceptions/TypeError': 1,
 'start_time': datetime.datetime(2024, 12, 11, 4, 19, 6, 274974, tzinfo=datetime.timezone.utc)}
2024-12-11 12:19:06 [scrapy.core.engine] INFO: Spider closed (finished)
2024-12-11 12:19:25 [scrapy.utils.log] INFO: Scrapy 2.12.0 started (bot: s_post)
2024-12-11 12:19:25 [scrapy.utils.log] INFO: Versions: lxml 5.3.0.0, libxml2 2.11.7, cssselect 1.2.0, parsel 1.9.1, w3lib 2.2.1, Twisted 24.11.0, Python 3.12.6 (tags/v3.12.6:a4a2d2b, Sep  6 2024, 20:11:23) [MSC v.1940 64 bit (AMD64)], pyOpenSSL 24.3.0 (OpenSSL 3.4.0 22 Oct 2024), cryptography 44.0.0, Platform Windows-10-10.0.19045-SP0
2024-12-11 12:19:25 [scrapy.addons] INFO: Enabled addons:
[]
2024-12-11 12:19:25 [asyncio] DEBUG: Using selector: SelectSelector
2024-12-11 12:19:25 [scrapy.utils.log] DEBUG: Using reactor: twisted.internet.asyncioreactor.AsyncioSelectorReactor
2024-12-11 12:19:25 [scrapy.utils.log] DEBUG: Using asyncio event loop: asyncio.windows_events._WindowsSelectorEventLoop
2024-12-11 12:19:25 [scrapy.utils.log] DEBUG: Using reactor: twisted.internet.asyncioreactor.AsyncioSelectorReactor
2024-12-11 12:19:25 [scrapy.utils.log] DEBUG: Using asyncio event loop: asyncio.windows_events._WindowsSelectorEventLoop
2024-12-11 12:19:25 [scrapy.extensions.telnet] INFO: Telnet Password: 2e3d956af6562c3b
2024-12-11 12:19:25 [scrapy.middleware] INFO: Enabled extensions:
['scrapy.extensions.corestats.CoreStats',
 'scrapy.extensions.telnet.TelnetConsole',
 'scrapy.extensions.logstats.LogStats']
2024-12-11 12:19:25 [scrapy.crawler] INFO: Overridden settings:
{'BOT_NAME': 's_post',
 'FEED_EXPORT_ENCODING': 'utf-8',
 'LOG_FILE': 'runing.log',
 'NEWSPIDER_MODULE': 's_post.spiders',
 'SPIDER_MODULES': ['s_post.spiders'],
 'TWISTED_REACTOR': 'twisted.internet.asyncioreactor.AsyncioSelectorReactor'}
2024-12-11 12:19:26 [scrapy.middleware] INFO: Enabled downloader middlewares:
['scrapy.downloadermiddlewares.offsite.OffsiteMiddleware',
 'scrapy.downloadermiddlewares.httpauth.HttpAuthMiddleware',
 'scrapy.downloadermiddlewares.downloadtimeout.DownloadTimeoutMiddleware',
 'scrapy.downloadermiddlewares.defaultheaders.DefaultHeadersMiddleware',
 'scrapy.downloadermiddlewares.useragent.UserAgentMiddleware',
 'scrapy.downloadermiddlewares.retry.RetryMiddleware',
 'scrapy.downloadermiddlewares.redirect.MetaRefreshMiddleware',
 'scrapy.downloadermiddlewares.httpcompression.HttpCompressionMiddleware',
 'scrapy.downloadermiddlewares.redirect.RedirectMiddleware',
 'scrapy.downloadermiddlewares.cookies.CookiesMiddleware',
 'scrapy.downloadermiddlewares.httpproxy.HttpProxyMiddleware',
 'scrapy.downloadermiddlewares.stats.DownloaderStats']
2024-12-11 12:19:26 [scrapy.middleware] INFO: Enabled spider middlewares:
['scrapy.spidermiddlewares.httperror.HttpErrorMiddleware',
 'scrapy.spidermiddlewares.referer.RefererMiddleware',
 'scrapy.spidermiddlewares.urllength.UrlLengthMiddleware',
 'scrapy.spidermiddlewares.depth.DepthMiddleware']
2024-12-11 12:19:26 [scrapy.middleware] INFO: Enabled item pipelines:
[]
2024-12-11 12:19:26 [scrapy.core.engine] INFO: Spider opened
2024-12-11 12:19:26 [scrapy.extensions.logstats] INFO: Crawled 0 pages (at 0 pages/min), scraped 0 items (at 0 items/min)
2024-12-11 12:19:26 [scrapy.extensions.telnet] INFO: Telnet console listening on 127.0.0.1:6023
2024-12-11 12:19:26 [scrapy.core.engine] DEBUG: Crawled (200) <POST https://fanyi.baidu.com/sug> (referer: None)
2024-12-11 12:19:26 [scrapy.core.scraper] ERROR: Spider error processing <POST https://fanyi.baidu.com/sug> (referer: None)
Traceback (most recent call last):
  File "D:\MyLearningTools\MyPythonMain\Envs\pythonProject\Lib\site-packages\twisted\internet\defer.py", line 1088, in _runCallbacks
    current.result = callback(  # type: ignore[misc]
                     ^^^^^^^^^^^^^^^^^^^^^^^^^^^^^^^
  File "D:\MyLearningTools\MyPythonMain\CodePython\python_pachong\scrapy_project\s_post\s_post\spiders\tpost.py", line 23, in parse_second
    obj = json.loads(content,encodeing='utf-8')
          ^^^^^^^^^^^^^^^^^^^^^^^^^^^^^^^^^^^^^
  File "D:\MyLearningTools\MyPythonMain\Python\Lib\json\__init__.py", line 359, in loads
    return cls(**kw).decode(s)
           ^^^^^^^^^
TypeError: JSONDecoder.__init__() got an unexpected keyword argument 'encodeing'
2024-12-11 12:19:26 [scrapy.core.engine] INFO: Closing spider (finished)
2024-12-11 12:19:26 [scrapy.statscollectors] INFO: Dumping Scrapy stats:
{'downloader/request_bytes': 278,
 'downloader/request_count': 1,
 'downloader/request_method_count/POST': 1,
 'downloader/response_bytes': 766,
 'downloader/response_count': 1,
 'downloader/response_status_count/200': 1,
 'elapsed_time_seconds': 0.348124,
 'finish_reason': 'finished',
 'finish_time': datetime.datetime(2024, 12, 11, 4, 19, 26, 600247, tzinfo=datetime.timezone.utc),
 'httpcompression/response_bytes': 532,
 'httpcompression/response_count': 1,
 'items_per_minute': None,
 'log_count/DEBUG': 6,
 'log_count/ERROR': 1,
 'log_count/INFO': 10,
 'response_received_count': 1,
 'responses_per_minute': None,
 'scheduler/dequeued': 1,
 'scheduler/dequeued/memory': 1,
 'scheduler/enqueued': 1,
 'scheduler/enqueued/memory': 1,
 'spider_exceptions/TypeError': 1,
 'start_time': datetime.datetime(2024, 12, 11, 4, 19, 26, 252123, tzinfo=datetime.timezone.utc)}
2024-12-11 12:19:26 [scrapy.core.engine] INFO: Spider closed (finished)
2024-12-11 12:19:43 [scrapy.utils.log] INFO: Scrapy 2.12.0 started (bot: s_post)
2024-12-11 12:19:43 [scrapy.utils.log] INFO: Versions: lxml 5.3.0.0, libxml2 2.11.7, cssselect 1.2.0, parsel 1.9.1, w3lib 2.2.1, Twisted 24.11.0, Python 3.12.6 (tags/v3.12.6:a4a2d2b, Sep  6 2024, 20:11:23) [MSC v.1940 64 bit (AMD64)], pyOpenSSL 24.3.0 (OpenSSL 3.4.0 22 Oct 2024), cryptography 44.0.0, Platform Windows-10-10.0.19045-SP0
2024-12-11 12:19:43 [scrapy.addons] INFO: Enabled addons:
[]
2024-12-11 12:19:43 [asyncio] DEBUG: Using selector: SelectSelector
2024-12-11 12:19:43 [scrapy.utils.log] DEBUG: Using reactor: twisted.internet.asyncioreactor.AsyncioSelectorReactor
2024-12-11 12:19:43 [scrapy.utils.log] DEBUG: Using asyncio event loop: asyncio.windows_events._WindowsSelectorEventLoop
2024-12-11 12:19:43 [scrapy.utils.log] DEBUG: Using reactor: twisted.internet.asyncioreactor.AsyncioSelectorReactor
2024-12-11 12:19:43 [scrapy.utils.log] DEBUG: Using asyncio event loop: asyncio.windows_events._WindowsSelectorEventLoop
2024-12-11 12:19:43 [scrapy.extensions.telnet] INFO: Telnet Password: 2d2f95921ad0d062
2024-12-11 12:19:43 [scrapy.middleware] INFO: Enabled extensions:
['scrapy.extensions.corestats.CoreStats',
 'scrapy.extensions.telnet.TelnetConsole',
 'scrapy.extensions.logstats.LogStats']
2024-12-11 12:19:43 [scrapy.crawler] INFO: Overridden settings:
{'BOT_NAME': 's_post',
 'FEED_EXPORT_ENCODING': 'utf-8',
 'LOG_FILE': 'runing.log',
 'NEWSPIDER_MODULE': 's_post.spiders',
 'SPIDER_MODULES': ['s_post.spiders'],
 'TWISTED_REACTOR': 'twisted.internet.asyncioreactor.AsyncioSelectorReactor'}
2024-12-11 12:19:44 [scrapy.middleware] INFO: Enabled downloader middlewares:
['scrapy.downloadermiddlewares.offsite.OffsiteMiddleware',
 'scrapy.downloadermiddlewares.httpauth.HttpAuthMiddleware',
 'scrapy.downloadermiddlewares.downloadtimeout.DownloadTimeoutMiddleware',
 'scrapy.downloadermiddlewares.defaultheaders.DefaultHeadersMiddleware',
 'scrapy.downloadermiddlewares.useragent.UserAgentMiddleware',
 'scrapy.downloadermiddlewares.retry.RetryMiddleware',
 'scrapy.downloadermiddlewares.redirect.MetaRefreshMiddleware',
 'scrapy.downloadermiddlewares.httpcompression.HttpCompressionMiddleware',
 'scrapy.downloadermiddlewares.redirect.RedirectMiddleware',
 'scrapy.downloadermiddlewares.cookies.CookiesMiddleware',
 'scrapy.downloadermiddlewares.httpproxy.HttpProxyMiddleware',
 'scrapy.downloadermiddlewares.stats.DownloaderStats']
2024-12-11 12:19:44 [scrapy.middleware] INFO: Enabled spider middlewares:
['scrapy.spidermiddlewares.httperror.HttpErrorMiddleware',
 'scrapy.spidermiddlewares.referer.RefererMiddleware',
 'scrapy.spidermiddlewares.urllength.UrlLengthMiddleware',
 'scrapy.spidermiddlewares.depth.DepthMiddleware']
2024-12-11 12:19:44 [scrapy.middleware] INFO: Enabled item pipelines:
[]
2024-12-11 12:19:44 [scrapy.core.engine] INFO: Spider opened
2024-12-11 12:19:44 [scrapy.extensions.logstats] INFO: Crawled 0 pages (at 0 pages/min), scraped 0 items (at 0 items/min)
2024-12-11 12:19:44 [scrapy.extensions.telnet] INFO: Telnet console listening on 127.0.0.1:6023
2024-12-11 12:19:44 [scrapy.core.engine] DEBUG: Crawled (200) <POST https://fanyi.baidu.com/sug> (referer: None)
2024-12-11 12:19:44 [scrapy.core.engine] INFO: Closing spider (finished)
2024-12-11 12:19:44 [scrapy.statscollectors] INFO: Dumping Scrapy stats:
{'downloader/request_bytes': 278,
 'downloader/request_count': 1,
 'downloader/request_method_count/POST': 1,
 'downloader/response_bytes': 767,
 'downloader/response_count': 1,
 'downloader/response_status_count/200': 1,
 'elapsed_time_seconds': 0.256968,
 'finish_reason': 'finished',
 'finish_time': datetime.datetime(2024, 12, 11, 4, 19, 44, 854937, tzinfo=datetime.timezone.utc),
 'httpcompression/response_bytes': 532,
 'httpcompression/response_count': 1,
 'items_per_minute': None,
 'log_count/DEBUG': 6,
 'log_count/INFO': 10,
 'response_received_count': 1,
 'responses_per_minute': None,
 'scheduler/dequeued': 1,
 'scheduler/dequeued/memory': 1,
 'scheduler/enqueued': 1,
 'scheduler/enqueued/memory': 1,
 'start_time': datetime.datetime(2024, 12, 11, 4, 19, 44, 597969, tzinfo=datetime.timezone.utc)}
2024-12-11 12:19:44 [scrapy.core.engine] INFO: Spider closed (finished)
