2024-12-11 12:02:55 [scrapy.utils.log] INFO: Scrapy 2.12.0 started (bot: s_log)
2024-12-11 12:02:55 [scrapy.utils.log] INFO: Versions: lxml 5.3.0.0, libxml2 2.11.7, cssselect 1.2.0, parsel 1.9.1, w3lib 2.2.1, Twisted 24.11.0, Python 3.12.6 (tags/v3.12.6:a4a2d2b, Sep  6 2024, 20:11:23) [MSC v.1940 64 bit (AMD64)], pyOpenSSL 24.3.0 (OpenSSL 3.4.0 22 Oct 2024), cryptography 44.0.0, Platform Windows-10-10.0.19045-SP0
2024-12-11 12:02:55 [scrapy.addons] INFO: Enabled addons:
[]
2024-12-11 12:02:55 [asyncio] DEBUG: Using selector: SelectSelector
2024-12-11 12:02:55 [scrapy.utils.log] DEBUG: Using reactor: twisted.internet.asyncioreactor.AsyncioSelectorReactor
2024-12-11 12:02:55 [scrapy.utils.log] DEBUG: Using asyncio event loop: asyncio.windows_events._WindowsSelectorEventLoop
2024-12-11 12:02:55 [scrapy.utils.log] DEBUG: Using reactor: twisted.internet.asyncioreactor.AsyncioSelectorReactor
2024-12-11 12:02:55 [scrapy.utils.log] DEBUG: Using asyncio event loop: asyncio.windows_events._WindowsSelectorEventLoop
2024-12-11 12:02:55 [scrapy.extensions.telnet] INFO: Telnet Password: bfe71b8ee6171181
2024-12-11 12:02:55 [scrapy.middleware] INFO: Enabled extensions:
['scrapy.extensions.corestats.CoreStats',
 'scrapy.extensions.telnet.TelnetConsole',
 'scrapy.extensions.logstats.LogStats']
2024-12-11 12:02:55 [scrapy.crawler] INFO: Overridden settings:
{'BOT_NAME': 's_log',
 'FEED_EXPORT_ENCODING': 'utf-8',
 'LOG_FILE': 'runing.log',
 'NEWSPIDER_MODULE': 's_log.spiders',
 'SPIDER_MODULES': ['s_log.spiders'],
 'TWISTED_REACTOR': 'twisted.internet.asyncioreactor.AsyncioSelectorReactor'}
2024-12-11 12:02:56 [scrapy.middleware] INFO: Enabled downloader middlewares:
['scrapy.downloadermiddlewares.offsite.OffsiteMiddleware',
 'scrapy.downloadermiddlewares.httpauth.HttpAuthMiddleware',
 'scrapy.downloadermiddlewares.downloadtimeout.DownloadTimeoutMiddleware',
 'scrapy.downloadermiddlewares.defaultheaders.DefaultHeadersMiddleware',
 'scrapy.downloadermiddlewares.useragent.UserAgentMiddleware',
 'scrapy.downloadermiddlewares.retry.RetryMiddleware',
 'scrapy.downloadermiddlewares.redirect.MetaRefreshMiddleware',
 'scrapy.downloadermiddlewares.httpcompression.HttpCompressionMiddleware',
 'scrapy.downloadermiddlewares.redirect.RedirectMiddleware',
 'scrapy.downloadermiddlewares.cookies.CookiesMiddleware',
 'scrapy.downloadermiddlewares.httpproxy.HttpProxyMiddleware',
 'scrapy.downloadermiddlewares.stats.DownloaderStats']
2024-12-11 12:02:56 [scrapy.middleware] INFO: Enabled spider middlewares:
['scrapy.spidermiddlewares.httperror.HttpErrorMiddleware',
 'scrapy.spidermiddlewares.referer.RefererMiddleware',
 'scrapy.spidermiddlewares.urllength.UrlLengthMiddleware',
 'scrapy.spidermiddlewares.depth.DepthMiddleware']
2024-12-11 12:02:56 [scrapy.middleware] INFO: Enabled item pipelines:
[]
2024-12-11 12:02:56 [scrapy.core.engine] INFO: Spider opened
2024-12-11 12:02:56 [scrapy.extensions.logstats] INFO: Crawled 0 pages (at 0 pages/min), scraped 0 items (at 0 items/min)
2024-12-11 12:02:56 [scrapy.extensions.telnet] INFO: Telnet console listening on 127.0.0.1:6023
2024-12-11 12:02:56 [scrapy.core.engine] DEBUG: Crawled (200) <GET https://www.baidu.com/> (referer: None)
2024-12-11 12:02:56 [scrapy.core.engine] INFO: Closing spider (finished)
2024-12-11 12:02:56 [scrapy.statscollectors] INFO: Dumping Scrapy stats:
{'downloader/request_bytes': 214,
 'downloader/request_count': 1,
 'downloader/request_method_count/GET': 1,
 'downloader/response_bytes': 1511,
 'downloader/response_count': 1,
 'downloader/response_status_count/200': 1,
 'elapsed_time_seconds': 0.215803,
 'finish_reason': 'finished',
 'finish_time': datetime.datetime(2024, 12, 11, 4, 2, 56, 815242, tzinfo=datetime.timezone.utc),
 'httpcompression/response_bytes': 2443,
 'httpcompression/response_count': 1,
 'items_per_minute': None,
 'log_count/DEBUG': 6,
 'log_count/INFO': 10,
 'response_received_count': 1,
 'responses_per_minute': None,
 'scheduler/dequeued': 1,
 'scheduler/dequeued/memory': 1,
 'scheduler/enqueued': 1,
 'scheduler/enqueued/memory': 1,
 'start_time': datetime.datetime(2024, 12, 11, 4, 2, 56, 599439, tzinfo=datetime.timezone.utc)}
2024-12-11 12:02:56 [scrapy.core.engine] INFO: Spider closed (finished)
